<?xml version="1.0" encoding="UTF-8" ?>
<testsuite tests="11" failures="0" name="uk.org.rozanski.oauth_demo.TestCommonClasses" time="1.663" errors="0" skipped="0">
  <properties>
[...]
</properties>
  <testcase classname="uk.org.rozanski.oauth_demo.TestCommonClasses" name="filesDirectoryWriteable" time="0.004"/>
  <testcase classname="uk.org.rozanski.oauth_demo.TestCommonClasses" name="deleteAccessTokenFile" time="0.001"/>
  <testcase classname="uk.org.rozanski.oauth_demo.TestCommonClasses" name="checkAppData" time="0"/>
  <testcase classname="uk.org.rozanski.oauth_demo.TestCommonClasses" name="accessDataSaveLoad" time="0.018"/>
  <testcase classname="uk.org.rozanski.oauth_demo.TestCommonClasses" name="accessTokenFileExists" time="0.001"/>
  <testcase classname="uk.org.rozanski.oauth_demo.TestCommonClasses" name="openBrowserWindow" time="1.177"/>
  <testcase classname="uk.org.rozanski.oauth_demo.TestCommonClasses" name="sessionDataSetGet" time="0.003"/>
  <testcase classname="uk.org.rozanski.oauth_demo.TestCommonClasses" name="httpConfigUrls" time="0"/>
  <testcase classname="uk.org.rozanski.oauth_demo.TestCommonClasses" name="httpUrlReachable" time="0.008"/>
  <testcase classname="uk.org.rozanski.oauth_demo.TestCommonClasses" name="demoDirectoryWriteable" time="0"/>
  <testcase classname="uk.org.rozanski.oauth_demo.TestCommonClasses" name="sessionDataClear" time="0.001"/>
</testsuite>